7
Calling solveboard first
copying
copying
copying
4: 1 6 4 2 7 5 3
copying
5: 2 4 1 7 5 3 6
copying
6: 2 4 6 1 3 5 7
copying
7: 2 5 1 4 7 3 6
copying
8: 2 5 3 1 7 4 6
copying
9: 2 5 7 4 1 3 6
copying
10: 2 6 3 7 4 1 5
copying
11: 2 7 5 3 1 6 4
copying
12: 3 1 6 2 5 7 4
copying
13: 3 1 6 4 2 7 5
copying
14: 3 5 7 2 4 6 1
copying
15: 3 6 2 5 1 4 7
copying
16: 3 7 2 4 6 1 5
copying
17: 3 7 4 1 5 2 6
copying
18: 4 1 3 6 2 7 5
19: 4 1 5 2 6 3 7
20: 4 2 7 5 3 1 6
21: 4 6 1 3 5 7 2
22: 4 7 3 6 2 5 1
23: 4 7 5 2 6 1 3
finished solveboard with val: 17 and 23 for: 40
